<?xml version="1.0" encoding="UTF-8"?>
<!-- Generated by org.testng.reporters.JUnitReportReporter -->
<testsuite hostname="IOPEXLAPBT38" name="myjar.maii" tests="1" failures="0" timestamp="8 Jun 2017 11:43:59 GMT" time="0.019" errors="0">
  <testcase name="t1" time="0.019" classname="myjar.maii"/>
</testsuite>
