<?xml version="1.0" encoding="UTF-8"?>
<!-- Generated by org.testng.reporters.JUnitReportReporter -->
<testsuite skipped="0" hostname="IOPEXLAPBT38" name="myjar.maii" tests="1" failures="0" timestamp="05 Jun 2017 15:50:59 GMT" time="0.028" errors="0">
  <testcase name="t1" time="0.028" classname="myjar.maii"/>
</testsuite> <!-- myjar.maii -->
